<?xml version="1.0" encoding="UTF-8"?>
<testng-results ignored="0" total="5" passed="5" failed="0" skipped="0">
  <reporter-output>
  </reporter-output>
  <suite started-at="2022-09-05T02:32:35Z" name="Default suite" finished-at="2022-09-05T02:32:44Z" duration-ms="9158">
    <groups>
    </groups>
    <test started-at="2022-09-05T02:32:35Z" name="Default test" finished-at="2022-09-05T02:32:44Z" duration-ms="9158">
      <class name="com.serialization.AuthLogin">
        <test-method signature="login()[pri:1, instance:com.serialization.AuthLogin@3899782c]" started-at="2022-09-05T02:32:35Z" name="login" finished-at="2022-09-05T02:32:41Z" duration-ms="6457" status="PASS">
          <reporter-output>
          </reporter-output>
        </test-method> <!-- login -->
        <test-method signature="AddUserAddress()[pri:2, instance:com.serialization.AuthLogin@3899782c]" started-at="2022-09-05T02:32:41Z" name="AddUserAddress" finished-at="2022-09-05T02:32:42Z" duration-ms="885" status="PASS">
          <reporter-output>
          </reporter-output>
        </test-method> <!-- AddUserAddress -->
        <test-method signature="UpdateUserAddress()[pri:3, instance:com.serialization.AuthLogin@3899782c]" started-at="2022-09-05T02:32:42Z" name="UpdateUserAddress" finished-at="2022-09-05T02:32:43Z" duration-ms="402" status="PASS">
          <reporter-output>
          </reporter-output>
        </test-method> <!-- UpdateUserAddress -->
        <test-method signature="DeleteUserAddress()[pri:4, instance:com.serialization.AuthLogin@3899782c]" started-at="2022-09-05T02:32:43Z" name="DeleteUserAddress" finished-at="2022-09-05T02:32:43Z" duration-ms="517" status="PASS">
          <reporter-output>
          </reporter-output>
        </test-method> <!-- DeleteUserAddress -->
        <test-method signature="GetUserAddress()[pri:5, instance:com.serialization.AuthLogin@3899782c]" started-at="2022-09-05T02:32:43Z" name="GetUserAddress" finished-at="2022-09-05T02:32:44Z" duration-ms="717" status="PASS">
          <reporter-output>
          </reporter-output>
        </test-method> <!-- GetUserAddress -->
      </class> <!-- com.serialization.AuthLogin -->
    </test> <!-- Default test -->
  </suite> <!-- Default suite -->
</testng-results>
